# JRE version: OpenJDK Runtime Environment (8.0_112-b06) (build 1.8.0_112-release-b06)
# Java VM: OpenJDK 64-Bit Server VM (25.112-b06 mixed mode windows-amd64 compressed oops)
Heap:
 PSYoungGen      total 487936K, used 175517K [0x00000000e0000000, 0x00000000ffe00000, 0x0000000100000000)
  eden space 457728K, 37% used [0x00000000e0000000,0x00000000ea9cdda0,0x00000000fbf00000)
  from space 30208K, 5% used [0x00000000fe080000,0x00000000fe219980,0x00000000ffe00000)
  to   space 32256K, 0% used [0x00000000fbf00000,0x00000000fbf00000,0x00000000fde80000)
 ParOldGen       total 102912K, used 77305K [0x00000000a0000000, 0x00000000a6480000, 0x00000000e0000000)
  object space 102912K, 75% used [0x00000000a0000000,0x00000000a4b7e558,0x00000000a6480000)
 Metaspace       used 68554K, capacity 70886K, committed 71040K, reserved 1112064K
  class space    used 8613K, capacity 9028K, committed 9088K, reserved 1048576K
GC Heap History (10 events):
Event: 362.977 GC heap before
{Heap before GC invocations=21 (full 3):
 PSYoungGen      total 236544K, used 234394K [0x00000000e0000000, 0x00000000f4100000, 0x0000000100000000)
  eden space 217088K, 99% used [0x00000000e0000000,0x00000000ed358fa8,0x00000000ed400000)
  from space 19456K, 92% used [0x00000000ed400000,0x00000000ee58d910,0x00000000ee700000)
  to   space 22016K, 0% used [0x00000000f2b80000,0x00000000f2b80000,0x00000000f4100000)
 ParOldGen       total 102912K, used 30163K [0x00000000a0000000, 0x00000000a6480000, 0x00000000e0000000)
  object space 102912K, 29% used [0x00000000a0000000,0x00000000a1d74ff0,0x00000000a6480000)
 Metaspace       used 62417K, capacity 64510K, committed 64640K, reserved 1105920K
  class space    used 8075K, capacity 8486K, committed 8576K, reserved 1048576K
Event: 363.014 GC heap after
Heap after GC invocations=21 (full 3):
 PSYoungGen      total 306176K, used 64K [0x00000000e0000000, 0x00000000f4d80000, 0x0000000100000000)
  eden space 284160K, 0% used [0x00000000e0000000,0x00000000e0000000,0x00000000f1580000)
  from space 22016K, 0% used [0x00000000f2b80000,0x00000000f2b90000,0x00000000f4100000)
  to   space 22528K, 0% used [0x00000000f1580000,0x00000000f1580000,0x00000000f2b80000)
 ParOldGen       total 102912K, used 46142K [0x00000000a0000000, 0x00000000a6480000, 0x00000000e0000000)
  object space 102912K, 44% used [0x00000000a0000000,0x00000000a2d0fa40,0x00000000a6480000)
 Metaspace       used 62417K, capacity 64510K, committed 64640K, reserved 1105920K
  class space    used 8075K, capacity 8486K, committed 8576K, reserved 1048576K
}
Event: 372.907 GC heap before
{Heap before GC invocations=22 (full 3):
 PSYoungGen      total 306176K, used 284224K [0x00000000e0000000, 0x00000000f4d80000, 0x0000000100000000)
  eden space 284160K, 100% used [0x00000000e0000000,0x00000000f1580000,0x00000000f1580000)
  from space 22016K, 0% used [0x00000000f2b80000,0x00000000f2b90000,0x00000000f4100000)
  to   space 22528K, 0% used [0x00000000f1580000,0x00000000f1580000,0x00000000f2b80000)
 ParOldGen       total 102912K, used 46142K [0x00000000a0000000, 0x00000000a6480000, 0x00000000e0000000)
  object space 102912K, 44% used [0x00000000a0000000,0x00000000a2d0fa40,0x00000000a6480000)
 Metaspace       used 66144K, capacity 68372K, committed 68480K, reserved 1110016K
  class space    used 8403K, capacity 8823K, committed 8832K, reserved 1048576K
Event: 372.977 GC heap after
Heap after GC invocations=22 (full 3):
 PSYoungGen      total 306688K, used 22509K [0x00000000e0000000, 0x00000000fac00000, 0x0000000100000000)
  eden space 284160K, 0% used [0x00000000e0000000,0x00000000e0000000,0x00000000f1580000)
  from space 22528K, 99% used [0x00000000f1580000,0x00000000f2b7b608,0x00000000f2b80000)
  to   space 26624K, 0% used [0x00000000f9200000,0x00000000f9200000,0x00000000fac00000)
 ParOldGen       total 102912K, used 47095K [0x00000000a0000000, 0x00000000a6480000, 0x00000000e0000000)
  object space 102912K, 45% used [0x00000000a0000000,0x00000000a2dfdd50,0x00000000a6480000)
 Metaspace       used 66144K, capacity 68372K, committed 68480K, reserved 1110016K
  class space    used 8403K, capacity 8823K, committed 8832K, reserved 1048576K
}
Event: 375.047 GC heap before
{Heap before GC invocations=23 (full 3):
 PSYoungGen      total 306688K, used 306669K [0x00000000e0000000, 0x00000000fac00000, 0x0000000100000000)
  eden space 284160K, 100% used [0x00000000e0000000,0x00000000f1580000,0x00000000f1580000)
  from space 22528K, 99% used [0x00000000f1580000,0x00000000f2b7b608,0x00000000f2b80000)
  to   space 26624K, 0% used [0x00000000f9200000,0x00000000f9200000,0x00000000fac00000)
 ParOldGen       total 102912K, used 47095K [0x00000000a0000000, 0x00000000a6480000, 0x00000000e0000000)
  object space 102912K, 45% used [0x00000000a0000000,0x00000000a2dfdd50,0x00000000a6480000)
 Metaspace       used 66356K, capacity 68564K, committed 68736K, reserved 1110016K
  class space    used 8406K, capacity 8823K, committed 8832K, reserved 1048576K
Event: 375.175 GC heap after
Heap after GC invocations=23 (full 3):
 PSYoungGen      total 403968K, used 26604K [0x00000000e0000000, 0x00000000fbb00000, 0x0000000100000000)
  eden space 377344K, 0% used [0x00000000e0000000,0x00000000e0000000,0x00000000f7080000)
  from space 26624K, 99% used [0x00000000f9200000,0x00000000fabfb370,0x00000000fac00000)
  to   space 34304K, 0% used [0x00000000f7080000,0x00000000f7080000,0x00000000f9200000)
 ParOldGen       total 102912K, used 56740K [0x00000000a0000000, 0x00000000a6480000, 0x00000000e0000000)
  object space 102912K, 55% used [0x00000000a0000000,0x00000000a3769218,0x00000000a6480000)
 Metaspace       used 66356K, capacity 68564K, committed 68736K, reserved 1110016K
  class space    used 8406K, capacity 8823K, committed 8832K, reserved 1048576K
}
Event: 381.380 GC heap before
{Heap before GC invocations=24 (full 3):
 PSYoungGen      total 403968K, used 403948K [0x00000000e0000000, 0x00000000fbb00000, 0x0000000100000000)
  eden space 377344K, 100% used [0x00000000e0000000,0x00000000f7080000,0x00000000f7080000)
  from space 26624K, 99% used [0x00000000f9200000,0x00000000fabfb370,0x00000000fac00000)
  to   space 34304K, 0% used [0x00000000f7080000,0x00000000f7080000,0x00000000f9200000)
 ParOldGen       total 102912K, used 56740K [0x00000000a0000000, 0x00000000a6480000, 0x00000000e0000000)
  object space 102912K, 55% used [0x00000000a0000000,0x00000000a3769218,0x00000000a6480000)
 Metaspace       used 67558K, capacity 69792K, committed 70016K, reserved 1110016K
  class space    used 8571K, capacity 8993K, committed 9088K, reserved 1048576K
Event: 381.475 GC heap after
Heap after GC invocations=24 (full 3):
 PSYoungGen      total 411648K, used 13092K [0x00000000e0000000, 0x0000000100000000, 0x0000000100000000)
  eden space 377344K, 0% used [0x00000000e0000000,0x00000000e0000000,0x00000000f7080000)
  from space 34304K, 38% used [0x00000000f7080000,0x00000000f7d492f0,0x00000000f9200000)
  to   space 32256K, 0% used [0x00000000fe080000,0x00000000fe080000,0x0000000100000000)
 ParOldGen       total 102912K, used 69085K [0x00000000a0000000, 0x00000000a6480000, 0x00000000e0000000)
  object space 102912K, 67% used [0x00000000a0000000,0x00000000a4377700,0x00000000a6480000)
 Metaspace       used 67558K, capacity 69792K, committed 70016K, reserved 1110016K
  class space    used 8571K, capacity 8993K, committed 9088K, reserved 1048576K
}
Event: 385.971 GC heap before
{Heap before GC invocations=25 (full 3):
 PSYoungGen      total 411648K, used 389901K [0x00000000e0000000, 0x0000000100000000, 0x0000000100000000)
  eden space 377344K, 99% used [0x00000000e0000000,0x00000000f6ffa1b8,0x00000000f7080000)
  from space 34304K, 38% used [0x00000000f7080000,0x00000000f7d492f0,0x00000000f9200000)
  to   space 32256K, 0% used [0x00000000fe080000,0x00000000fe080000,0x0000000100000000)
 ParOldGen       total 102912K, used 69085K [0x00000000a0000000, 0x00000000a6480000, 0x00000000e0000000)
  object space 102912K, 67% used [0x00000000a0000000,0x00000000a4377700,0x00000000a6480000)
 Metaspace       used 67749K, capacity 69956K, committed 70272K, reserved 1110016K
  class space    used 8576K, capacity 8999K, committed 9088K, reserved 1048576K
Event: 386.001 GC heap after
Heap after GC invocations=25 (full 3):
 PSYoungGen      total 487936K, used 1638K [0x00000000e0000000, 0x00000000ffe00000, 0x0000000100000000)
  eden space 457728K, 0% used [0x00000000e0000000,0x00000000e0000000,0x00000000fbf00000)
  from space 30208K, 5% used [0x00000000fe080000,0x00000000fe219980,0x00000000ffe00000)
  to   space 32256K, 0% used [0x00000000fbf00000,0x00000000fbf00000,0x00000000fde80000)
 ParOldGen       total 102912K, used 77305K [0x00000000a0000000, 0x00000000a6480000, 0x00000000e0000000)
  object space 102912K, 75% used [0x00000000a0000000,0x00000000a4b7e558,0x00000000a6480000)
 Metaspace       used 67749K, capacity 69956K, committed 70272K, reserved 1110016K
  class space    used 8576K, capacity 8999K, committed 9088K, reserved 1048576K
}

